<?xml version="1.0" encoding="UTF-8"?>
<!-- Generated by org.testng.reporters.JUnitReportReporter -->
<testsuite hostname="ASDA1538PO01976" name="com.qait.automation.GoogleApi.Runner" tests="1" failures="0" timestamp="16 Jul 2018 11:28:20 GMT" time="26.750" errors="0">
  <testcase name="feature" time="26.750" classname="com.qait.automation.GoogleApi.Runner"/>
</testsuite> <!-- com.qait.automation.GoogleApi.Runner -->
