<?xml version="1.0" encoding="UTF-8"?>
<!-- Generated by org.testng.reporters.JUnitReportReporter -->
<testsuite hostname="ASDA1538PO01976" name="com.qait.automation.GoogleApi.Runner" tests="1" failures="0" timestamp="13 Jul 2018 11:56:03 GMT" time="24.674" errors="0">
  <testcase name="feature" time="24.674" classname="com.qait.automation.GoogleApi.Runner"/>
</testsuite> <!-- com.qait.automation.GoogleApi.Runner -->
